[    0.000000] Initializing cgroup subsys cpuset
[    0.000000] Initializing cgroup subsys cpu
[    0.000000] Initializing cgroup subsys cpuacct
[    0.000000] Linux version 4.4.0-79-generic (buildd@lcy01-30) (gcc version 5.4.0 20160609 (Ubuntu 5.4.0-6ubuntu1~16.04.4) ) #100-Ubuntu SMP Wed May 17 19:58:14 UTC 2017 (Ubuntu 4.4.0-79.100-generic 4.4.67)
[    0.000000] Command line: BOOT_IMAGE=/boot/vmlinuz-4.4.0-79-generic root=LABEL=cloudimg-rootfs ro console=tty1 console=ttyS0
[    0.000000] KERNEL supported cpus:
[    0.000000]   Intel GenuineIntel
[    0.000000]   AMD AuthenticAMD
[    0.000000]   Centaur CentaurHauls
[    0.000000] x86/fpu: xstate_offset[2]:  576, xstate_sizes[2]:  256
[    0.000000] x86/fpu: Supporting XSAVE feature 0x01: 'x87 floating point registers'
[    0.000000] x86/fpu: Supporting XSAVE feature 0x02: 'SSE registers'
[    0.000000] x86/fpu: Supporting XSAVE feature 0x04: 'AVX registers'
[    0.000000] x86/fpu: Enabled xstate features 0x7, context size is 832 bytes, using 'standard' format.
[    0.000000] x86/fpu: Using 'lazy' FPU context switches.
[    0.000000] e820: BIOS-provided physical RAM map:
[    0.000000] BIOS-e820: [mem 0x0000000000000000-0x000000000009fbff] usable
[    0.000000] BIOS-e820: [mem 0x000000000009fc00-0x000000000009ffff] reserved
[    0.000000] BIOS-e820: [mem 0x00000000000f0000-0x00000000000fffff] reserved
[    0.000000] BIOS-e820: [mem 0x0000000000100000-0x000000003ffeffff] usable
[    0.000000] BIOS-e820: [mem 0x000000003fff0000-0x000000003fffffff] ACPI data
[    0.000000] BIOS-e820: [mem 0x00000000fec00000-0x00000000fec00fff] reserved
[    0.000000] BIOS-e820: [mem 0x00000000fee00000-0x00000000fee00fff] reserved
[    0.000000] BIOS-e820: [mem 0x00000000fffc0000-0x00000000ffffffff] reserved
[    0.000000] NX (Execute Disable) protection: active
[    0.000000] SMBIOS 2.5 present.
[    0.000000] Hypervisor detected: KVM
[    0.000000] e820: last_pfn = 0x3fff0 max_arch_pfn = 0x400000000
[    0.000000] MTRR: Disabled
[    0.000000] x86/PAT: MTRRs disabled, skipping PAT initialization too.
[    0.000000] x86/PAT: Configuration [0-7]: WB  WT  UC- UC  WB  WT  UC- UC  
[    0.000000] CPU MTRRs all blank - virtualized system.
[    0.000000] found SMP MP-table at [mem 0x0009fff0-0x0009ffff] mapped at [ffff88000009fff0]
[    0.000000] Scanning 1 areas for low memory corruption
[    0.000000] RAMDISK: [mem 0x36af6000-0x37572fff]
[    0.000000] ACPI: Early table checksum verification disabled
[    0.000000] ACPI: RSDP 0x00000000000E0000 000024 (v02 VBOX  )
[    0.000000] ACPI: XSDT 0x000000003FFF0030 00003C (v01 VBOX   VBOXXSDT 00000001 ASL  00000061)
[    0.000000] ACPI: FACP 0x000000003FFF00F0 0000F4 (v04 VBOX   VBOXFACP 00000001 ASL  00000061)
[    0.000000] ACPI: DSDT 0x000000003FFF0470 0021FF (v02 VBOX   VBOXBIOS 00000002 INTL 20100528)
[    0.000000] ACPI: FACS 0x000000003FFF0200 000040
[    0.000000] ACPI: FACS 0x000000003FFF0200 000040
[    0.000000] ACPI: APIC 0x000000003FFF0240 00005C (v02 VBOX   VBOXAPIC 00000001 ASL  00000061)
[    0.000000] ACPI: SSDT 0x000000003FFF02A0 0001CC (v01 VBOX   VBOXCPUT 00000002 INTL 20100528)
[    0.000000] No NUMA configuration found
[    0.000000] Faking a node at [mem 0x0000000000000000-0x000000003ffeffff]
[    0.000000] NODE_DATA(0) allocated [mem 0x3ffeb000-0x3ffeffff]
[    0.000000] kvm-clock: Using msrs 4b564d01 and 4b564d00
[    0.000000] kvm-clock: cpu 0, msr 0:3ffe3001, primary cpu clock
[    0.000000] kvm-clock: using sched offset of 3094388978 cycles
[    0.000000] clocksource: kvm-clock: mask: 0xffffffffffffffff max_cycles: 0x1cd42e4dffb, max_idle_ns: 881590591483 ns
[    0.000000] Zone ranges:
[    0.000000]   DMA      [mem 0x0000000000001000-0x0000000000ffffff]
[    0.000000]   DMA32    [mem 0x0000000001000000-0x000000003ffeffff]
[    0.000000]   Normal   empty
[    0.000000]   Device   empty
[    0.000000] Movable zone start for each node
[    0.000000] Early memory node ranges
[    0.000000]   node   0: [mem 0x0000000000001000-0x000000000009efff]
[    0.000000]   node   0: [mem 0x0000000000100000-0x000000003ffeffff]
[    0.000000] Initmem setup node 0 [mem 0x0000000000001000-0x000000003ffeffff]
[    0.000000] ACPI: PM-Timer IO Port: 0x4008
[    0.000000] IOAPIC[0]: apic_id 2, version 32, address 0xfec00000, GSI 0-23
[    0.000000] ACPI: INT_SRC_OVR (bus 0 bus_irq 0 global_irq 2 dfl dfl)
[    0.000000] ACPI: INT_SRC_OVR (bus 0 bus_irq 9 global_irq 9 high level)
[    0.000000] Using ACPI (MADT) for SMP configuration information
[    0.000000] smpboot: Allowing 2 CPUs, 0 hotplug CPUs
[    0.000000] PM: Registered nosave memory: [mem 0x00000000-0x00000fff]
[    0.000000] PM: Registered nosave memory: [mem 0x0009f000-0x0009ffff]
[    0.000000] PM: Registered nosave memory: [mem 0x000a0000-0x000effff]
[    0.000000] PM: Registered nosave memory: [mem 0x000f0000-0x000fffff]
[    0.000000] e820: [mem 0x40000000-0xfebfffff] available for PCI devices
[    0.000000] Booting paravirtualized kernel on KVM
[    0.000000] clocksource: refined-jiffies: mask: 0xffffffff max_cycles: 0xffffffff, max_idle_ns: 7645519600211568 ns
[    0.000000] setup_percpu: NR_CPUS:512 nr_cpumask_bits:512 nr_cpu_ids:2 nr_node_ids:1
[    0.000000] PERCPU: Embedded 33 pages/cpu @ffff88003fc00000 s98264 r8192 d28712 u1048576
[    0.000000] PV qspinlock hash table entries: 256 (order: 0, 4096 bytes)
[    0.000000] Built 1 zonelists in Node order, mobility grouping on.  Total pages: 257913
[    0.000000] Policy zone: DMA32
[    0.000000] Kernel command line: BOOT_IMAGE=/boot/vmlinuz-4.4.0-79-generic root=LABEL=cloudimg-rootfs ro console=tty1 console=ttyS0
[    0.000000] PID hash table entries: 4096 (order: 3, 32768 bytes)
[    0.000000] Memory: 1001840K/1048120K available (8469K kernel code, 1294K rwdata, 3984K rodata, 1484K init, 1316K bss, 46280K reserved, 0K cma-reserved)
[    0.000000] SLUB: HWalign=64, Order=0-3, MinObjects=0, CPUs=2, Nodes=1
[    0.000000] Hierarchical RCU implementation.
[    0.000000] 	Build-time adjustment of leaf fanout to 64.
[    0.000000] 	RCU restricting CPUs from NR_CPUS=512 to nr_cpu_ids=2.
[    0.000000] RCU: Adjusting geometry for rcu_fanout_leaf=64, nr_cpu_ids=2
[    0.000000] NR_IRQS:33024 nr_irqs:440 16
[    0.000000] Console: colour VGA+ 80x25
[    0.000000] console [tty1] enabled
[    0.000000] console [ttyS0] enabled
[    0.000000] tsc: Detected 2899.998 MHz processor
[    2.056205] Calibrating delay loop (skipped) preset value.. 5799.99 BogoMIPS (lpj=11599992)
[    2.117256] pid_max: default: 32768 minimum: 301
[    2.118287] ACPI: Core revision 20150930
[    2.120077] ACPI: 2 ACPI AML tables successfully acquired and loaded
[    2.145943] Security Framework initialized
[    2.171779] Yama: becoming mindful.
[    2.195728] AppArmor: AppArmor initialized
[    2.207497] Dentry cache hash table entries: 131072 (order: 8, 1048576 bytes)
[    2.293929] Inode-cache hash table entries: 65536 (order: 7, 524288 bytes)
[    2.372911] Mount-cache hash table entries: 2048 (order: 2, 16384 bytes)
[    2.423364] Mountpoint-cache hash table entries: 2048 (order: 2, 16384 bytes)
[    2.504188] Initializing cgroup subsys io
[    2.516234] Initializing cgroup subsys memory
[    2.517178] Initializing cgroup subsys devices
[    2.521496] Initializing cgroup subsys freezer
[    2.543361] Initializing cgroup subsys net_cls
[    2.587791] Initializing cgroup subsys perf_event
[    2.609471] Initializing cgroup subsys net_prio
[    2.640663] Initializing cgroup subsys hugetlb
[    2.699845] Initializing cgroup subsys pids
[    2.700824] CPU: Physical Processor ID: 0
[    2.716941] CPU: Processor Core ID: 0
[    2.769996] mce: CPU supports 0 MCE banks
[    2.830395] Last level iTLB entries: 4KB 64, 2MB 8, 4MB 8
[    2.899573] Last level dTLB entries: 4KB 64, 2MB 0, 4MB 0, 1GB 4
[    2.967427] Freeing SMP alternatives memory: 32K (ffffffff820b8000 - ffffffff820c0000)
[    3.029980] ftrace: allocating 32127 entries in 126 pages
[    3.068919] smpboot: APIC(0) Converting physical 0 to logical package 0
[    3.140944] smpboot: Max logical packages: 1
[    3.156278] x2apic enabled
[    3.187136] Switched APIC routing to physical x2apic.
[    3.244878] ..TIMER: vector=0x30 apic1=0 pin1=2 apic2=-1 pin2=-1
[    3.395381] smpboot: CPU0: Intel(R) Core(TM) i5-5287U CPU @ 2.90GHz (family: 0x6, model: 0x3d, stepping: 0x4)
[    3.448655] Performance Events: unsupported p6 CPU model 61 no PMU driver, software events only.
[    3.462217] KVM setup paravirtual spinlock
[    3.477098] x86: Booting SMP configuration:
[    3.514305] .... node  #0, CPUs:      #1
[    3.521830] kvm-clock: cpu 1, msr 0:3ffe3041, secondary cpu clock
[    3.547350] mce: CPU supports 0 MCE banks
[    3.550036] x86: Booted up 1 node, 2 CPUs
[    3.586981] smpboot: Total of 2 processors activated (11599.99 BogoMIPS)
[    3.634701] devtmpfs: initialized
[    3.651826] evm: security.selinux
[    3.658809] evm: security.SMACK64
[    3.669782] evm: security.SMACK64EXEC
[    3.679177] evm: security.SMACK64TRANSMUTE
[    3.682568] evm: security.SMACK64MMAP
[    3.687049] evm: security.ima
[    3.692308] evm: security.capability
[    3.697919] clocksource: jiffies: mask: 0xffffffff max_cycles: 0xffffffff, max_idle_ns: 7645041785100000 ns
[    3.713755] futex hash table entries: 512 (order: 3, 32768 bytes)
[    3.733486] pinctrl core: initialized pinctrl subsystem
[    3.780907] RTC time: 15:02:24, date: 11/29/17
[    3.834809] NET: Registered protocol family 16
[    3.879990] cpuidle: using governor ladder
[    3.924268] cpuidle: using governor menu
[    3.939335] PCCT header not found.
[    3.999790] ACPI: bus type PCI registered
[    4.016302] acpiphp: ACPI Hot Plug PCI Controller Driver version: 0.5
[    4.095452] PCI: Using configuration type 1 for base access
[    4.142321] ACPI: Added _OSI(Module Device)
[    4.157272] ACPI: Added _OSI(Processor Device)
[    4.174429] ACPI: Added _OSI(3.0 _SCP Extensions)
[    4.177201] ACPI: Added _OSI(Processor Aggregator Device)
[    4.197304] ACPI: Executed 1 blocks of module-level executable AML code
[    4.220064] ACPI: Interpreter enabled
[    4.243945] ACPI: (supports S0 S5)
[    4.280393] ACPI: Using IOAPIC for interrupt routing
[    4.282863] PCI: Using host bridge windows from ACPI; if necessary, use "pci=nocrs" and report a bug
[    4.297833] ACPI: PCI Root Bridge [PCI0] (domain 0000 [bus 00-ff])
[    4.307174] acpi PNP0A03:00: _OSC: OS supports [ASPM ClockPM Segments MSI]
[    4.314317] acpi PNP0A03:00: _OSC: not requesting OS control; OS requires [ExtendedConfig ASPM ClockPM MSI]
[    4.329781] acpi PNP0A03:00: fail to add MMCONFIG information, can't access extended PCI configuration space under this bridge.
[    4.333802] PCI host bridge to bus 0000:00
[    4.346574] pci_bus 0000:00: root bus resource [io  0x0000-0x0cf7 window]
[    4.359676] pci_bus 0000:00: root bus resource [io  0x0d00-0xffff window]
[    4.411186] pci_bus 0000:00: root bus resource [mem 0x000a0000-0x000bffff window]
[    4.440739] pci_bus 0000:00: root bus resource [mem 0x40000000-0xffdfffff window]
[    4.444079] pci_bus 0000:00: root bus resource [bus 00-ff]
[    4.466423] pci 0000:00:01.1: legacy IDE quirk: reg 0x10: [io  0x01f0-0x01f7]
[    4.478342] pci 0000:00:01.1: legacy IDE quirk: reg 0x14: [io  0x03f6]
[    4.497110] pci 0000:00:01.1: legacy IDE quirk: reg 0x18: [io  0x0170-0x0177]
[    4.518904] pci 0000:00:01.1: legacy IDE quirk: reg 0x1c: [io  0x0376]
[    4.585216] pci 0000:00:07.0: quirk: [io  0x4000-0x403f] claimed by PIIX4 ACPI
[    4.586978] pci 0000:00:07.0: quirk: [io  0x4100-0x410f] claimed by PIIX4 SMB
[    4.623636] ACPI: PCI Interrupt Link [LNKA] (IRQs 5 9 10 *11)
[    4.637045] ACPI: PCI Interrupt Link [LNKB] (IRQs 5 9 10 *11)
[    4.647342] ACPI: PCI Interrupt Link [LNKC] (IRQs 5 9 *10 11)
[    4.665839] ACPI: PCI Interrupt Link [LNKD] (IRQs 5 *9 10 11)
[    4.684220] ACPI: Enabled 2 GPEs in block 00 to 07
[    4.706491] vgaarb: setting as boot device: PCI:0000:00:02.0
[    4.715663] vgaarb: device added: PCI:0000:00:02.0,decodes=io+mem,owns=io+mem,locks=none
[    4.727589] vgaarb: loaded
[    4.729452] vgaarb: bridge control possible 0000:00:02.0
[    4.741926] SCSI subsystem initialized
[    4.751532] ACPI: bus type USB registered
[    4.757168] usbcore: registered new interface driver usbfs
[    4.765564] usbcore: registered new interface driver hub
[    4.773164] usbcore: registered new device driver usb
[    4.789515] PCI: Using ACPI for IRQ routing
[    4.798448] NetLabel: Initializing
[    4.804400] NetLabel:  domain hash size = 128
[    4.810057] NetLabel:  protocols = UNLABELED CIPSOv4
[    4.816878] NetLabel:  unlabeled traffic allowed by default
[    4.829783] amd_nb: Cannot enumerate AMD northbridges
[    4.839270] clocksource: Switched to clocksource kvm-clock
[    4.871727] AppArmor: AppArmor Filesystem Enabled
[    4.880362] pnp: PnP ACPI init
[    4.886322] pnp: PnP ACPI: found 3 devices
[    4.906667] clocksource: acpi_pm: mask: 0xffffff max_cycles: 0xffffff, max_idle_ns: 2085701024 ns
[    5.006642] NET: Registered protocol family 2
[    5.044300] TCP established hash table entries: 8192 (order: 4, 65536 bytes)
[    5.070332] TCP bind hash table entries: 8192 (order: 5, 131072 bytes)
[    5.086124] TCP: Hash tables configured (established 8192 bind 8192)
[    5.087414] UDP hash table entries: 512 (order: 2, 16384 bytes)
[    5.091182] UDP-Lite hash table entries: 512 (order: 2, 16384 bytes)
[    5.092919] NET: Registered protocol family 1
[    5.097118] pci 0000:00:00.0: Limiting direct PCI/PCI transfers
[    5.105049] pci 0000:00:01.0: Activating ISA DMA hang workarounds
[    5.127632] Unpacking initramfs...
[    6.884854] Freeing initrd memory: 10740K (ffff880036af6000 - ffff880037573000)
[    6.942048] RAPL PMU detected, API unit is 2^-32 Joules, 4 fixed counters 10737418240 ms ovfl timer
[    7.007745] hw unit of domain pp0-core 2^-0 Joules
[    7.008911] hw unit of domain package 2^-0 Joules
[    7.009949] hw unit of domain dram 2^-0 Joules
[    7.023883] hw unit of domain pp1-gpu 2^-0 Joules
[    7.025711] platform rtc_cmos: registered platform RTC device (no PNP device found)
[    7.039840] Scanning for low memory corruption every 60 seconds
[    7.048262] audit: initializing netlink subsys (disabled)
[    7.057946] audit: type=2000 audit(1511967748.598:1): initialized
[    7.063960] Initialise system trusted keyring
[    7.069555] HugeTLB registered 2 MB page size, pre-allocated 0 pages
[    7.081764] zbud: loaded
[    7.086120] VFS: Disk quotas dquot_6.6.0
[    7.094835] VFS: Dquot-cache hash table entries: 512 (order 0, 4096 bytes)
[    7.119048] squashfs: version 4.0 (2009/01/31) Phillip Lougher
[    7.132913] fuse init (API version 7.23)
[    7.147548] Key type big_key registered
[    7.160690] Allocating IMA MOK and blacklist keyrings.
[    7.167232] Key type asymmetric registered
[    7.168348] Asymmetric key parser 'x509' registered
[    7.169427] Block layer SCSI generic (bsg) driver version 0.4 loaded (major 249)
[    7.171192] io scheduler noop registered
[    7.176326] io scheduler deadline registered (default)
[    7.180149] io scheduler cfq registered
[    7.181121] pci_hotplug: PCI Hot Plug PCI Core version: 0.5
[    7.186310] pciehp: PCI Express Hot Plug Controller Driver version: 0.4
[    7.191476] ACPI: AC Adapter [AC] (on-line)
[    7.199468] input: Power Button as /devices/LNXSYSTM:00/LNXPWRBN:00/input/input0
[    7.210419] ACPI: Power Button [PWRF]
[    7.212364] input: Sleep Button as /devices/LNXSYSTM:00/LNXSLPBN:00/input/input1
[    7.214824] ACPI: Sleep Button [SLPF]
[    7.218741] ACPI: Battery Slot [BAT0] (battery present)
[    7.222422] GHES: HEST is not enabled!
[    7.228583] Serial: 8250/16550 driver, 32 ports, IRQ sharing enabled
[    7.260200] 00:02: ttyS0 at I/O 0x3f8 (irq = 4, base_baud = 115200) is a 16550A
[    7.267934] Linux agpgart interface v0.103
[    7.287230] loop: module loaded
[    7.292737] scsi host0: ata_piix
[    7.300438] scsi host1: ata_piix
[    7.302969] ata1: PATA max UDMA/33 cmd 0x1f0 ctl 0x3f6 bmdma 0xd000 irq 14
[    7.307734] ata2: PATA max UDMA/33 cmd 0x170 ctl 0x376 bmdma 0xd008 irq 15
[    7.344055] libphy: Fixed MDIO Bus: probed
[    7.354666] tun: Universal TUN/TAP device driver, 1.6
[    7.405932] tun: (C) 1999-2004 Max Krasnyansky <maxk@qualcomm.com>
[    7.446539] PPP generic driver version 2.4.2
[    7.481878] ehci_hcd: USB 2.0 'Enhanced' Host Controller (EHCI) Driver
[    7.529599] ehci-pci: EHCI PCI platform driver
[    7.556971] ehci-platform: EHCI generic platform driver
[    7.569279] ohci_hcd: USB 1.1 'Open' Host Controller (OHCI) Driver
[    7.586003] ohci-pci: OHCI PCI platform driver
[    7.589028] ohci-platform: OHCI generic platform driver
[    7.594354] uhci_hcd: USB Universal Host Controller Interface driver
[    7.596162] i8042: PNP: PS/2 Controller [PNP0303:PS2K,PNP0f03:PS2M] at 0x60,0x64 irq 1,12
[    7.602194] serio: i8042 KBD port at 0x60,0x64 irq 1
[    7.609880] serio: i8042 AUX port at 0x60,0x64 irq 12
[    7.624603] mousedev: PS/2 mouse device common for all mice
[    7.633462] input: AT Translated Set 2 keyboard as /devices/platform/i8042/serio0/input/input2
[    7.642524] rtc_cmos rtc_cmos: rtc core: registered rtc_cmos as rtc0
[    7.647306] rtc_cmos rtc_cmos: alarms up to one day, 114 bytes nvram
[    7.683957] i2c /dev entries driver
[    7.728240] device-mapper: uevent: version 1.0.3
[    7.753817] device-mapper: ioctl: 4.34.0-ioctl (2015-10-28) initialised: dm-devel@redhat.com
[    7.773008] ledtrig-cpu: registered to indicate activity on CPUs
[    7.789305] NET: Registered protocol family 10
[    7.805069] NET: Registered protocol family 17
[    7.820664] Key type dns_resolver registered
[    7.857533] microcode: CPU0 sig=0x306d4, pf=0x40, revision=0x0
[    7.905595] microcode: CPU1 sig=0x306d4, pf=0x40, revision=0x0
[    7.906874] microcode: Microcode Update Driver: v2.01 <tigran@aivazian.fsnet.co.uk>, Peter Oruba
[    7.933358] registered taskstats version 1
[    7.936233] Loading compiled-in X.509 certificates
[    7.954772] Loaded X.509 cert 'Build time autogenerated kernel key: 761c03361fb5ffec61c19dca354b3d4126495503'
[    7.959270] zswap: loaded using pool lzo/zbud
[    7.970240] Key type trusted registered
[    8.009018] Key type encrypted registered
[    8.058865] tsc: Refined TSC clocksource calibration: 2900.191 MHz
[    8.060410] AppArmor: AppArmor sha1 policy hashing enabled
[    8.060428] ima: No TPM chip found, activating TPM-bypass!
[    8.060477] evm: HMAC attrs: 0x1
[    8.116150]   Magic number: 9:762:33
[    8.167694] rtc_cmos rtc_cmos: setting system clock to 2017-11-29 15:02:29 UTC (1511967749)
[    8.167967] BIOS EDD facility v0.16 2004-Jun-25, 0 devices found
[    8.167967] EDD information not available.
[    8.251807] clocksource: tsc: mask: 0xffffffffffffffff max_cycles: 0x29cdf75fba3, max_idle_ns: 440795242234 ns
[    8.291123] Freeing unused kernel memory: 1484K (ffffffff81f45000 - ffffffff820b8000)
[    8.307354] Write protecting the kernel read-only data: 14336k
[    8.313114] Freeing unused kernel memory: 1760K (ffff880001848000 - ffff880001a00000)
[    8.367268] Freeing unused kernel memory: 112K (ffff880001de4000 - ffff880001e00000)
Loading, please wait...
[    8.395131] random: systemd-udevd: uninitialized urandom read (16 bytes read, 5 bits of entropy available)
starting version 229
[    8.400549] random: udevadm: uninitialized urandom read (16 bytes read, 5 bits of entropy available)
[    8.400596] random: udevadm: uninitialized urandom read (16 bytes read, 5 bits of entropy available)
[    8.401233] random: udevadm: uninitialized urandom read (16 bytes read, 5 bits of entropy available)
[    8.401315] random: udevadm: uninitialized urandom read (16 bytes read, 5 bits of entropy available)
[    8.401362] random: udevadm: uninitialized urandom read (16 bytes read, 5 bits of entropy available)
[    8.401410] random: udevadm: uninitialized urandom read (16 bytes read, 5 bits of entropy available)
[    8.401459] random: udevadm: uninitialized urandom read (16 bytes read, 5 bits of entropy available)
[    8.401512] random: udevadm: uninitialized urandom read (16 bytes read, 5 bits of entropy available)
[    8.401557] random: udevadm: uninitialized urandom read (16 bytes read, 5 bits of entropy available)
[    8.513278] e1000: Intel(R) PRO/1000 Network Driver - version 7.3.21-k8-NAPI
[    8.544810] e1000: Copyright (c) 1999-2006 Intel Corporation.
[    8.567433] Fusion MPT base driver 3.04.20
[    8.580087] Copyright (c) 1999-2008 LSI Corporation
[    8.588054] Fusion MPT SPI Host driver 3.04.20
[    8.613689] AVX version of gcm_enc/dec engaged.
[    8.627341] AES CTR mode by8 optimization enabled
[    8.783884] input: ImExPS/2 Generic Explorer Mouse as /devices/platform/i8042/serio1/input/input4
[    8.953333] e1000 0000:00:03.0 eth0: (PCI:33MHz:32-bit) 02:1f:97:0f:e2:73
[    9.034668] e1000 0000:00:03.0 eth0: Intel(R) PRO/1000 Network Connection
[    9.050774] mptbase: ioc0: Initiating bringup
[    9.191868] ioc0: LSI53C1030 A0: Capabilities={Initiator}
[    9.405169] scsi host2: ioc0: LSI53C1030 A0, FwRev=00000000h, Ports=1, MaxQ=256, IRQ=20
[    9.667727] scsi 2:0:0:0: Direct-Access     VBOX     HARDDISK         1.0  PQ: 0 ANSI: 5
[    9.788544] scsi target2:0:0: Beginning Domain Validation
[    9.848073] scsi target2:0:0: Domain Validation skipping write tests
[    9.909669] scsi target2:0:0: Ending Domain Validation
[    9.914702] scsi target2:0:0: asynchronous
[    9.936447] scsi 2:0:1:0: Direct-Access     VBOX     HARDDISK         1.0  PQ: 0 ANSI: 5
[    9.977946] scsi target2:0:1: Beginning Domain Validation
[    9.979969] scsi target2:0:1: Domain Validation skipping write tests
[   10.003759] scsi target2:0:1: Ending Domain Validation
[   10.010333] scsi target2:0:1: asynchronous
[   10.023973] sd 2:0:0:0: Attached scsi generic sg0 type 0
[   10.069212] sd 2:0:0:0: [sda] 20971520 512-byte logical blocks: (10.7 GB/10.0 GiB)
[   10.070174] sd 2:0:1:0: Attached scsi generic sg1 type 0
[   10.088335] sd 2:0:1:0: [sdb] 20480 512-byte logical blocks: (10.5 MB/10.0 MiB)
[   10.093811] sd 2:0:1:0: [sdb] Write Protect is off
[   10.099274] sd 2:0:1:0: [sdb] Incomplete mode parameter data
[   10.099277] sd 2:0:1:0: [sdb] Assuming drive cache: write through
[   10.112013] sd 2:0:1:0: [sdb] Attached SCSI disk
[   10.173816] sd 2:0:0:0: [sda] Write Protect is off
[   10.194307] sd 2:0:0:0: [sda] Incomplete mode parameter data
[   10.203036] sd 2:0:0:0: [sda] Assuming drive cache: write through
[   10.209256]  sda: sda1
[   10.227892] sd 2:0:0:0: [sda] Attached SCSI disk
[   10.279688] e1000 0000:00:08.0 eth1: (PCI:33MHz:32-bit) 08:00:27:f8:b7:45
[   10.351810] e1000 0000:00:08.0 eth1: Intel(R) PRO/1000 Network Connection
[   10.395910] e1000 0000:00:08.0 enp0s8: renamed from eth1
[   10.439579] e1000 0000:00:03.0 enp0s3: renamed from eth0
[   11.569307] floppy0: no floppy controllers found
Begin: Loading e[   13.129259] md: linear personality registered for level -1
ssential drivers[   13.165135] md: multipath personality registered for level -4
 ... [   13.258006] md: raid0 personality registered for level 0
[   13.324012] md: raid1 personality registered for level 1
[   13.427773] raid6: sse2x1   gen()  7370 MB/s
[   13.547533] raid6: sse2x1   xor()  7195 MB/s
[   13.631371] raid6: sse2x2   gen() 11834 MB/s
[   13.723501] raid6: sse2x2   xor()  7423 MB/s
[   13.835514] raid6: sse2x4   gen() 13205 MB/s
[   13.971290] raid6: sse2x4   xor()  8792 MB/s
[   14.025691] raid6: using algorithm sse2x4 gen() 13205 MB/s
[   14.083748] raid6: .... xor() 8792 MB/s, rmw enabled
[   14.084775] raid6: using ssse3x2 recovery algorithm
[   14.131229] xor: automatically using best checksumming function:
[   14.179413]    avx       : 17614.000 MB/sec
[   14.204713] async_tx: api initialized (async)
[   14.258868] md: raid6 personality registered for level 6
[   14.299344] md: raid5 personality registered for level 5
[   14.379011] md: raid4 personality registered for level 4
[   14.467350] md: raid10 personality registered for level 10
done.
Begin: Running /scripts/init-premount ... done.
Begin: Mounting root file system ... Begin: Running /scripts/local-top ... done.
Begin:[   14.565775] Btrfs loaded
 Running /scripts/local-premount ... Scanning for Btrfs filesystems
done.
Warning: fsck no[   14.593698] EXT4-fs (sda1): mounted filesystem with ordered data mode. Opts: (null)
t present, so skipping root file system
done.
Begin: Running /scripts/local-bottom ... done.
Begin: Running /scripts/init-bottom ... done.
[   14.770894] systemd[1]: systemd 229 running in system mode. (+PAM +AUDIT +SELINUX +IMA +APPARMOR +SMACK +SYSVINIT +UTMP +LIBCRYPTSETUP +GCRYPT +GNUTLS +ACL +XZ -LZ4 +SECCOMP +BLKID +ELFUTILS +KMOD -IDN)
[   14.797935] systemd[1]: Detected virtualization oracle.
[   14.801884] systemd[1]: Detected architecture x86-64.

Welcome to [1mUbuntu 16.04.2 LTS[0m!

[   14.863994] systemd[1]: Set hostname to <ubuntu>.
[   14.878366] systemd[1]: Initializing machine ID from random generator.
[   14.929379] systemd[1]: Installed transient /etc/machine-id file.
[   15.079674] systemd[1]: Reached target Encrypted Volumes.
[[0;32m  OK  [0m] Reached target Encrypted Volumes.
[   15.124066] systemd[1]: Started Trigger resolvconf update for networkd DNS.
[[0;32m  OK  [0m] Started Trigger resolvconf update for networkd DNS.
[   15.175733] systemd[1]: Listening on Device-mapper event daemon FIFOs.
[[0;32m  OK  [0m] Listening on Device-mapper event daemon FIFOs.
[   15.301527] systemd[1]: Created slice User and Session Slice.
[[0;32m  OK  [0m] Created slice User and Session Slice.
[   15.403937] systemd[1]: Listening on Journal Audit Socket.
[[0;32m  OK  [0m] Listening on Journal Audit Socket.
[   15.483707] systemd[1]: Listening on Syslog Socket.
[[0;32m  OK  [0m] Listening on Syslog Socket.
[   15.577567] systemd[1]: Listening on /dev/initctl Compatibility Named Pipe.
[[0;32m  OK  [0m] Listening on /dev/initctl Compatibility Named Pipe.
[   15.627796] systemd[1]: Reached target Swap.
[[0;32m  OK  [0m] Reached target Swap.
[   15.696611] systemd[1]: Reached target User and Group Name Lookups.
[[0;32m  OK  [0m] Reached target User and Group Name Lookups.
[   15.747615] systemd[1]: Started Forward Password Requests to Wall Directory Watch.
[[0;32m  OK  [0m] Started Forward Password Requests to Wall Directory Watch.
[   15.843808] systemd[1]: Listening on udev Control Socket.
[[0;32m  OK  [0m] Listening on udev Control Socket.
[   15.918619] systemd[1]: Listening on LVM2 poll daemon socket.
[[0;32m  OK  [0m] Listening on LVM2 poll daemon socket.
[   15.971871] systemd[1]: Listening on Journal Socket.
[[0;32m  OK  [0m] Listening on Journal Socket.
[   16.032662] systemd[1]: Created slice System Slice.
[[0;32m  OK  [0m] Created slice System Slice.
[   16.065019] systemd[1]: Reached target Slices.
[[0;32m  OK  [0m] Reached target Slices.
[   16.120166] random: nonblocking pool is initialized
[   16.120601] systemd[1]: Starting Remount Root and Kernel File Systems...
         Starting Remount Root and Kernel File S[   16.167580] EXT4-fs (sda1): re-mounted. Opts: (null)
ystems...
[   16.239693] systemd[1]: Starting Nameserver information manager...
         Starting Nameserver information manager...
[   16.326207] systemd[1]: Mounting Huge Pages File System...
         Mounting Huge Pages File System...
[   16.341661] systemd[1]: Starting Uncomplicated firewall...
         Starting Uncomplicated firewall...
[   16.471555] systemd[1]: Starting Create list of required static device nodes for the current kernel...
         Starting Create list of required st... nodes for the current kernel...
[   16.575475] systemd[1]: Mounting POSIX Message Queue File System...
         Mounting POSIX Message Queue File System...
[   16.672001] systemd[1]: Set up automount Arbitrary Executable File Formats File System Automount Point.
[[0;32m  OK  [0m] Set up automount Arbitrary Executab...ats File System Automount Point.
[   16.759984] systemd[1]: Mounting Debug File System...
         Mounting Debug File System...
[   16.832300] systemd[1]: Created slice system-serial\x2dgetty.slice.
[[0;32m  OK  [0m] Created slice system-serial\x2dgetty.slice.
[   16.916389] systemd[1]: Starting Load Kernel Modules...
         Starting Load Ke[   16.931007] Loading iSCSI transport class v2.0-870.
rnel Modules...[   17.011595] iscsi: registered transport (tcp)

[   17.045377] systemd[1]: Listening on udev Kernel Socket.
[[0;32m  OK  [0m] Listening on udev Kernel Socket.
[   17.112624] systemd[1]: Listening on Journal Socket (/dev/log).
[[0;32m  OK  [0m] Listening on Journal Socket (/dev/log).
[   17.187119] iscsi: registered transport (iser)
[   17.191913] systemd[1]: Starting Journal Service...
         Starting Journal Service...
[   17.263543] systemd[1]: Starting Set console keymap...
         Starting Set console keymap...
[   17.311930] systemd[1]: Listening on LVM2 metadata daemon socket.
[[0;32m  OK  [0m] Listening on LVM2 metadata daemon socket.
[   17.427807] systemd[1]: Starting Monitoring of LVM2 mirrors, snapshots etc. using dmeventd or progress polling...
         Starting Monitoring of LVM2 mirrors... dmeventd or progress polling...
[   17.572781] systemd[1]: Mounted POSIX Message Queue File System.
[[0;32m  OK  [0m] Mounted POSIX Message Queue File System.
[   17.684204] systemd[1]: Mounted Huge Pages File System.
[[0;32m  OK  [0m] Mounted Huge Pages File System.
[   17.839764] systemd[1]: Mounted Debug File System.
[[0;32m  OK  [0m] Mounted Debug File System.
[   17.873076] systemd[1]: Started Journal Service.
[[0;32m  OK  [0m] Started Journal Service.
[[0;32m  OK  [0m] Started Remount Root and Kernel File Systems.
[[0;32m  OK  [0m] Started Uncomplicated firewall.
[[0;32m  OK  [0m] Started Create list of required sta...ce nodes for the current kernel.
[[0;32m  OK  [0m] Started Load Kernel Modules.
[[0;32m  OK  [0m] Started Set console keymap.
[[0;32m  OK  [0m] Started Nameserver information manager.
[[0;32m  OK  [0m] Started LVM2 metadata daemon.
         Mounting FUSE Control File System...
         Starting Apply Kernel Variables...
         Starting Create Static Device Nodes in /dev...
         Starting Load/Save Random Seed...
         Starting udev Coldplug all Devices...
         Starting Initial cloud-init job (pre-networking)...
         Starting Flush Journal to Persistent Storage...
[[0;32m  OK  [0m] Mounted FUSE Control File System.
[[0;32m  OK  [0m] Started Apply Kernel Variables.
[[0;32m  OK  [0m] Started Monitoring of LVM2 mirrors,...ng dmeventd or progress polling.
[[0;32m  OK  [0m] Started Create Static Device Nodes in /dev.
[[0;32m  OK  [0m] Started Load/Save Random Seed.
[[0;32m  OK  [0m] Started Flush Journal to Persistent Storage.
[[0;32m  OK  [0m] Started udev Coldplug all Devices.
         Starting udev Kernel Device Manager...
[[0;32m  OK  [0m] Started udev Kernel Device Manager.
[[0;32m  OK  [0m] Started Dispatch Password Requests to Console Directory Watch.
[[0;32m  OK  [0m] Reached target Local File Systems (Pre).
[[0;32m  OK  [0m] Reached target Local File Systems.
         Starting Commit a transient machine-id on disk...
         Starting LSB: AppArmor initialization...
         Starting Create Volatile Files and Directories...
         Starting Tell Plymouth To Write Out Runtime Data...
         Starting Set console font and keymap...
[[0;32m  OK  [0m] Started Commit a transient machine-id on disk.
[[0;32m  OK  [0m] Started Create Volatile Files and Directories.
[[0;32m  OK  [0m] Started Tell Plymouth To Write Out Runtime Data.
[   15.044320] cloud-init[456]: Cloud-init v. 0.7.9 running 'init-local' at Wed, 29 Nov 2017 15:02:40 +0000. Up 14.73 seconds.
[[0;32m  OK  [0m] Started Initial cloud-init job (pre-networking).
[[0;32m  OK  [0m] Found device /dev/ttyS0.
[[0;32m  OK  [0m] Listening on Load/Save RF Kill Switch Status /dev/rfkill Watch.
[[0;32m  OK  [0m] Reached target Network (Pre).
         Starting Update UTMP about System Boot/Shutdown...
[[0;32m  OK  [0m] Reached target System Time Synchronized.
[[0;32m  OK  [0m] Started Set console font and keymap.
[[0;32m  OK  [0m] Created slice system-getty.slice.
[[0;32m  OK  [0m] Started Update UTMP about System Boot/Shutdown.
[[0;32m  OK  [0m] Started LSB: AppArmor initialization.
         Starting Raise network interfaces...
[[0;32m  OK  [0m] Started Raise network interfaces.
[[0;32m  OK  [0m] Reached target Network.
         Starting Initial cloud-init job (metadata service crawler)...
[   18.685355] cloud-init[942]: Cloud-init v. 0.7.9 running 'init' at Wed, 29 Nov 2017 15:02:43 +0000. Up 18.11 seconds.
[   18.736424] cloud-init[942]: ci-info: ++++++++++++++++++++++++++++++++++++++Net device info++++++++++++++++++++++++++++++++++++++
[   18.736646] cloud-init[942]: ci-info: +--------+-------+----------------------------+---------------+-------+-------------------+
[[0;32m  OK  [0m] Started Initial cloud-init job (metadata service crawler).
[   18.736728] cloud-init[942]: ci-info: | Device |   Up  |          Address           |      Mask     | Scope |     Hw-Address    |
[   18.877951] cloud-init[942]: ci-info: +--------+-------+----------------------------+---------------+-------+-------------------+
[   18.878498] cloud-init[942]: ci-info: | enp0s3 |  True |         10.0.2.15          | 255.255.255.0 |   .   | 02:1f:97:0f:e2:73 |
[[0;32m  OK  [0m] Reached target Network is Online.
[   18.878620] cloud-init[942]: ci-info: | enp0s3 |  True | fe80::1f:97ff:fe0f:e273/64 |       .       |  link | 02:1f:97:0f:e2:73 |
[   19.080875] cloud-init[942]: ci-info: | enp0s8 | False |             .              |       .       |   .   | 08:00:27:f8:b7:45 |
[   19.081176] cloud-init[942]: ci-info: |   lo   |  True |         127.0.0.1          |   255.0.0.0   |   .   |         .         |
         Starting iSCSI initiator daemon (iscsid)...
[[   19.081332] cloud-init[942]: ci-info: |   lo   |  True |          ::1/128           |       .       |  host |         .         |
[   19.259965] cloud-init[942]: ci-info: +--------+-------+----------------------------+---------------+-------+-------------------+
[0;32m  OK  [0m] Reached target Cloud-config availability.
[   19.261065] cloud-init[942]: ci-info: +++++++++++++++++++++++++++Route IPv4 info++++++++++++++++++++++++++++
[   19.439043] cloud-init[942]: ci-info: +-------+-------------+----------+---------------+-----------+-------+
[[0;32m  OK  [0m] Reached target System Initialization.
[[   19.439119] cloud-init[942]: ci-info: | Route | Destination | Gateway  |    Genmask    | Interface | Flags |
[   19.573062] cloud-init[942]: ci-info: +-------+-------------+----------+---------------+-----------+-------+
[0;32m  OK  [0m] Listening on D-Bus System Message Bus Socket.
[[   19.573200] cloud-init[942]: ci-info: |   0   |   0.0.0.0   | 10.0.2.2 |    0.0.0.0    |   enp0s3  |   UG  |
[   19.713399] cloud-init[942]: ci-info: |   1   |   10.0.2.0  | 0.0.0.0  | 255.255.255.0 |   enp0s3  |   U   |
[0;32m  OK  [0m] Started Daily Cleanup of Temporary Directories.
         Starting Socket activation for snappy daemon.
[   19.713522] cloud-init[942]: ci-info: +-------+-------------+----------+---------------+-----------+-------+
[[0;32m  OK  [0m] Listening on ACPID Listen Socket.
[   19.878984] cloud-init[942]: Generating public/private rsa key pair.
[   20.036533] cloud-init[942]: Your identification has been saved in /etc/ssh/ssh_host_rsa_key.
[   20.036813] cloud-init[942]: Your public key has been saved in /etc/ssh/ssh_host_rsa_key.pub.
         Starting LXD - unix socket.
[[   20.037105] cloud-init[942]: The key fingerprint is:
[   20.159825] cloud-init[942]: SHA256:7lGe91Gp1AnAvDwwCoNWjek0X1fZWvh70hWxY5pqXXc root@ubuntu-xenial
[0;32m  OK  [0m] Listening on UUID daemon activation socket.
[   20.159897] cloud-init[942]: The key's randomart image is:
[   20.340380] cloud-init[942]: +---[RSA 2048]----+
[   20.340666] cloud-init[942]: |    o.+   o...+..|
[[0;32m  OK  [0m] Started ACPI Events Check.
[[   20.340899] cloud-init[942]: |   o B . + +.o +.|
[   20.428855] cloud-init[942]: |  . o = o = ..++.|
[   20.429202] cloud-init[942]: |     . o   + .*.=|
[0;32m  OK  [0m] Reached target Paths.
[[   20.429687] cloud-init[942]: |        S . .+ *E|
[   20.533543] cloud-init[942]: |       . o .+ +o=|
[0;32m  OK  [0m] Started Daily apt activities.
[[   20.533673] cloud-init[942]: |        o oo.o...|
[   20.641811] cloud-init[942]: |       . ... . . |
[0;32m  OK  [0m] Started Timer to automatically refresh installed snaps.
[[0;32m  OK  [0m[   20.641943] ] cloud-initReached target Timers.[942]: 
|        .     .  |
[   20.784451] cloud-init[942]: +----[SHA256]-----+
[   20.784739] cloud-init[942]: Generating public/private dsa key pair.
[[0;32m  OK  [0m] Listening on Socket activation for snappy daemon.
[[   20.784971] cloud-init[942]: Your identification has been saved in /etc/ssh/ssh_host_dsa_key.
[   20.921035] cloud-init[942]: Your public key has been saved in /etc/ssh/ssh_host_dsa_key.pub.
[0;32m  OK  [0m] Listening on LXD - unix socket.
[[   20.921108] cloud-init[942]: The key fingerprint is:
[   21.032988] cloud-init[942]: SHA256:qEK61sp0wHpmXpygpTAnhIKUgKaOTVggNCGGbigSPJg root@ubuntu-xenial
[0;32m  OK  [0m] Started iSCSI initiator daemon (iscsid).
[   21.033110] cloud-init[942]: The key's randomart image is:
[   21.196633] cloud-init[942]: +---[DSA 1024]----+
[   21.196909] cloud-init[942]: |%Oo              |
         Starting Login to default iSCSI targets...
[[   21.197138] cloud-init[942]: |E=o              |
[   21.277096] cloud-init[942]: |O=.              |
[0;32m  OK  [0m] Reached target Sockets.
[[   21.277151] cloud-init[942]: |Xo.    .         |
[   21.385890] cloud-init[942]: |X==   . S        |
[0;32m  OK  [0m] Reached target Basic System.
[   21.386136] cloud-init[942]: |+@oo o           |
[   21.484452] cloud-init[942]: |=.*.=            |
         Starting Pollinate to seed the pseudo random number generator...
[   21.534944] cloud-init[942]: |oB.+             |
[   21.580480] cloud-init[942]: |ooo              |
[   21.580699] cloud-init[942]: +----[SHA256]-----+
[[0;32m  OK  [0m] Started Deferred execution scheduler.
[   21.580877] cloud-init[942]: Generating public/private ecdsa key pair.
[   21.756532] cloud-init[942]: Your identification has been saved in /etc/ssh/ssh_host_ecdsa_key.
[   21.756786] cloud-init[942]: Your public key has been saved in /etc/ssh/ssh_host_ecdsa_key.pub.
         Starting Apply the settings specified in cloud-config...
[   21.756955] cloud-init[942]: The key fingerprint is:
[   21.884298] cloud-init[942]: SHA256:w5SHOCn7sof6j+Asx4+Bp+Y2NG0xHf98rMX+Sihx2E0 root@ubuntu-xenial
[[0;32m  OK  [0m] Started ACPI event daemon.
[   21.942882] cloud-init[942]: The key's randomart image is:
         Starting Accounts Service...
[   22.034804] cloud-init[942]: +---[ECDSA 256]---+
[   22.100490] cloud-init[942]: |                 |
[   22.136183] [cloud-init[0;32m  OK  [0m[942]: ] |     . o o       |Started FUSE filesystem for LXC.

[   22.209023]          cloud-initStarting LSB: MD monitoring daemon...[942]: 
|    o * + .E     |
[   22.240542] cloud-init[942]: |   o + =o.o      |
[   22.272539] cloud-init[942]: |  . +  oSoo.     |
[   22.320627] cloud-init[942]: | + o .  o+.=     |
         Starting /etc/rc.local Compatibility...
[   22.371947] cloud-init[942]: |o.* .... .=.     |
[   22.436751] cloud-init[942]: |.Oo+.+. ....     |
[   22.484920] cloud-init[942]: |=+*+=o.    .o.   |
         Starting Login Service...
[   22.523897] cloud-init[942]: +----[SHA256]-----+
[   22.593485] cloud-init[942]: Generating public/private ed25519 key pair.
         Starting System Logging Service...
[   22.659251] cloud-init[942]: Your identification has been saved in /etc/ssh/ssh_host_ed25519_key.
         Starting LSB: Record successful boot for GRUB...
[   22.718919] cloud-init[942]: Your public key has been saved in /etc/ssh/ssh_host_ed25519_key.pub.
[[0;32m  OK  [0m] Started Snappy daemon.
[   22.810714] cloud-init[942]: The key fingerprint is:
         Starting LXD - container startup/shutdown...
[[0;32m  OK  [0m] Started Unattended Upgrades Shutdown.
[   22.922890] cloud-init[942]: SHA256:/po5JToTFm1qbTW6/6JT1qsB7sB0vkUrMWKZ7dACsbQ root@ubuntu-xenial
         Starting Auto import assertions from block devices...
[   23.059513] cloud-init[942]: The key's randomart image is:
[[0;32m  OK  [0m] Started Regular background program processing daemon.
[   23.140262] cloud-init[942]: +--[ED25519 256]--+
[[0;32m  OK  [0m] Started D-Bus System Message Bus.
[   23.222465] cloud-init[942]: |    o            |
[   23.268751] [cloud-init[0;32m  OK  [0m[942]: ] |   . +           |Started System Logging Service.

[   23.269278] cloud-init[942]: |    E  .         |
[   23.360478] [cloud-init[0;32m  OK  [0m[942]: ] |     ..=o o      |Started /etc/rc.local Compatibility.

[   23.361082] [cloud-init[0;32m  OK  [0m[942]: ] |      O=So.o     |Started LXD - container startup/shutdown.

[   23.436605] [cloud-init[0;32m  OK  [0m[942]: ] |     +=X==+..    |Started Auto import assertions from block devices.

[[0;32m  OK  [0m] Started Login to default iSCSI targets.
[   23.528736] cloud-init[942]: |     oo+**+  .   |
[   23.595184] [cloud-init[0;32m  OK  [0m[942]: ] |      +o+B...    |Started LSB: MD monitoring daemon.

[[0;32m  OK  [0m] Started LSB: Record successful boot for GRUB.
[   23.660498] cloud-init[942]: |       oB*++.    |
[   23.752506] cloud-init[942]: +----[SHA256]-----+
[[0;32m  OK  [0m] Started Login Service.
[   23.777389] cloud-init[1082]: Generating locales (this might take a while)...
[   23.857061] cloud-init[1082]:   en_US.UTF-8... done
         Starting Authenticate and Authorize Users to Run Privileged Tasks...
[   23.857683] [cloud-init[0;32m  OK  [0m[1082]: ] Generation complete.Stopped OpenBSD Secure Shell server.

         Starting OpenBSD Secure Shell server...
[[0;32m  OK  [0m] Reached target Remote File Systems (Pre).
[[0;32m  OK  [0m] Reached target Remote File Systems.
         Starting LSB: VirtualBox Linux Additions...
         Starting LSB: Set the CPU Frequency Scaling governor to "ondemand"...
         Starting LSB: automatic crash report generation...
         Starting Permit User Sessions...
         Starting LSB: daemon to balance interrupts for SMP systems...
[[0;32m  OK  [0m] Started OpenBSD Secure Shell server.
[[0;32m  OK  [0m] Started Permit User Sessions.
[[0;32m  OK  [0m] Started Authenticate and Authorize Users to Run Privileged Tasks.
[[0;32m  OK  [0m] Started Accounts Service.
[[0;32m  OK  [0m] Started LSB: Set the CPU Frequency Scaling governor to "ondemand".
[[0;32m  OK  [0m] Started LSB: VirtualBox Linux Additions.
[[0;32m  OK  [0m] Started LSB: automatic crash report generation.
[[0;32m  OK  [0m] Started LSB: daemon to balance interrupts for SMP systems.
[   24.518971] cloud-init[1082]: Cloud-init v. 0.7.9 running 'modules:config' at Wed, 29 Nov 2017 15:02:47 +0000. Up 22.05 seconds.
[[0;32m  OK  [0m] Created slice User Slice of ubuntu.
         Starting User Manager for UID 1000...
[[0;32m  OK  [0m] Started Session 1 of user ubuntu.
         Starting Hold until boot process finishes up...
         Starting Terminate Plymouth Boot Screen...
[[0;32m  OK  [0m] Started User Manager for UID 1000.
[[0;32m  OK  [0m] Started Apply the settings specified in cloud-config.
[[0;32m  OK  [0m] Started Hold until boot process finishes up.
[[0;32m  OK  [0m] Started Terminate Plymouth Boot Screen.
         Starting Set console scheme...
[[0;32m  OK  [0m] Started Getty on tty1.
[[0;32m  OK  [0m] Started Serial Getty on ttyS0.
[[0;32m  OK  [0m] Reached target Login Prompts.
[[0;32m  OK  [0m] Started Set console scheme.
[[0;32m  OK  [0m] Started Pollinate to seed the pseudo random number generator.
[[0;32m  OK  [0m] Reached target Multi-User System.
[[0;32m  OK  [0m] Reached target Graphical Interface.
         Starting Update UTMP about System Runlevel Changes...
         Starting Execute cloud user/final scripts...
[[0;32m  OK  [0m] Started Update UTMP about System Runlevel Changes.
ci-info: no authorized ssh keys fingerprints found for user ubuntu.
<14>Nov 29 15:02:51 ec2: 
<14>Nov 29 15:02:51 ec2: #############################################################
<14>Nov 29 15:02:51 ec2: -----BEGIN SSH HOST KEY FINGERPRINTS-----
<14>Nov 29 15:02:51 ec2: 1024 SHA256:qEK61sp0wHpmXpygpTAnhIKUgKaOTVggNCGGbigSPJg root@ubuntu-xenial (DSA)
<14>Nov 29 15:02:51 ec2: 256 SHA256:w5SHOCn7sof6j+Asx4+Bp+Y2NG0xHf98rMX+Sihx2E0 root@ubuntu-xenial (ECDSA)
<14>Nov 29 15:02:51 ec2: 256 SHA256:/po5JToTFm1qbTW6/6JT1qsB7sB0vkUrMWKZ7dACsbQ root@ubuntu-xenial (ED25519)
<14>Nov 29 15:02:51 ec2: 2048 SHA256:7lGe91Gp1AnAvDwwCoNWjek0X1fZWvh70hWxY5pqXXc root@ubuntu-xenial (RSA)
<14>Nov 29 15:02:51 ec2: -----END SSH HOST KEY FINGERPRINTS-----
<14>Nov 29 15:02:51 ec2: #############################################################
-----BEGIN SSH HOST KEY KEYS-----
ecdsa-sha2-nistp256 AAAAE2VjZHNhLXNoYTItbmlzdHAyNTYAAAAIbmlzdHAyNTYAAABBBP8upjco8SwMr0ONnJlLMjQB9gH4pRv3d/tsQFM2au+ZbPJTtJcnAU3fNz8LX6XU4T9JkjcWoppjgHCGOYmvhqE= root@ubuntu-xenial
ssh-ed25519 AAAAC3NzaC1lZDI1NTE5AAAAIOI5YWKHpE41QVZyIS6vf8TwN99DeySGUP2ykzV5iP3f root@ubuntu-xenial
ssh-rsa AAAAB3NzaC1yc2EAAAADAQABAAABAQCXgrIeOPwxfw4y3Uar2BCuoKQKAB3148u3650sG/6QYFLMLA90xb/GqZT1yeopw6ezW+MtRnlUSR9/MODfOSrWgqDHLEHHaf81AiS7PRCjy5oyS3RltuxHbHFahcLb46m73+h71FuM9FcIMN4g+B5iKokv8jS5Lpx7GdaKOOpLpOmOgEYy5HPo1XXSbzW9K4Ibp/rjR0VKaZ9zA/6hvCEPFlbGQnTzqttICp6DcUgEdNP8OQ87Cdsu9K7wcWaZaew3xUkZ5hNHCqYQ7LPiDbT6YrLcYYFagoamE/VJvoXEdrYKOj4F1q/O6cNjOHA5QX46f7cKA9Q+jVAAu23P5nER root@ubuntu-xenial
-----END SSH HOST KEY KEYS-----
[   26.786861] cloud-init[1337]: Cloud-init v. 0.7.9 running 'modules:final' at Wed, 29 Nov 2017 15:02:51 +0000. Up 25.93 seconds.
[   26.835220] cloud-init[1337]: ci-info: no authorized ssh keys fingerprints found for user ubuntu.
[   26.848895] cloud-init[1337]: Cloud-init v. 0.7.9 finished at Wed, 29 Nov 2017 15:02:52 +0000. Datasource DataSourceNoCloud [seed=/dev/sdb][dsmode=net].  Up 26.76 seconds
[[0;32m  OK  [0m] Started Execute cloud user/final scripts.
[[0;32m  OK  [0m] Reached target Cloud-init target.

Ubuntu 16.04.2 LTS ubuntu-xenial ttyS0

ubuntu-xenial login: 